  Source.cpp
C:\Users\agoni\Documents\Git\EjerciciosED\Ejercicio29\Ejercicio29\Source.cpp(15,23): warning C4018: '<=': no coinciden signed/unsigned
C:\Users\agoni\Documents\Git\EjerciciosED\Ejercicio29\Ejercicio29\hashmap_eda.h(219,2): warning C4018: '<': no coinciden signed/unsigned
C:\Users\agoni\Documents\Git\EjerciciosED\Ejercicio29\Ejercicio29\hashmap_eda.h(217): message : al compilar la función del miembro clase plantilla "void unordered_map<int,int,std::hash<int>,std::equal_to<Clave>>::amplia(void)"
          with
          [
              Clave=int
          ]
C:\Users\agoni\Documents\Git\EjerciciosED\Ejercicio29\Ejercicio29\hashmap_eda.h(135): message : Vea la referencia a la creación de una instancia de la función plantilla "void unordered_map<int,int,std::hash<int>,std::equal_to<Clave>>::amplia(void)" que se está compilando
          with
          [
              Clave=int
          ]
C:\Users\agoni\Documents\Git\EjerciciosED\Ejercicio29\Ejercicio29\Source.cpp(13): message : Vea la referencia a la creación de una instancia de clase plantilla "unordered_map<int,int,std::hash<int>,std::equal_to<Clave>>" que se está compilando
          with
          [
              Clave=int
          ]
C:\Users\agoni\Documents\Git\EjerciciosED\Ejercicio29\Ejercicio29\hashmap_eda.h(177,2): warning C4018: '<': no coinciden signed/unsigned
C:\Users\agoni\Documents\Git\EjerciciosED\Ejercicio29\Ejercicio29\hashmap_eda.h(176): message : al compilar la función del miembro clase plantilla "void unordered_map<int,int,std::hash<int>,std::equal_to<Clave>>::libera(void)"
          with
          [
              Clave=int
          ]
C:\Users\agoni\Documents\Git\EjerciciosED\Ejercicio29\Ejercicio29\hashmap_eda.h(86): message : Vea la referencia a la creación de una instancia de la función plantilla "void unordered_map<int,int,std::hash<int>,std::equal_to<Clave>>::libera(void)" que se está compilando
          with
          [
              Clave=int
          ]
  Ejercicio29.vcxproj -> C:\Users\agoni\Documents\Git\EjerciciosED\Ejercicio29\Debug\Ejercicio29.exe
