  Source.cpp
C:\Users\agoni\Documents\Git\EjerciciosED\Ejercicio35\Ejercicio35\hashmap_eda.h(273,24): warning C4018: '<': no coinciden signed/unsigned
C:\Users\agoni\Documents\Git\EjerciciosED\Ejercicio35\Ejercicio35\hashmap_eda.h(270): message : al compilar la función del miembro clase plantilla "unordered_map<std::string,std::pair<int,list<std::string>::Iterador<T>>,std::hash<Clave>,std::equal_to<Clave>>::Iterador<false>::Iterador(unordered_map<Clave,std::pair<int,list<T>::Iterador<T>>,std::hash<Clave>,std::equal_to<Clave>> *,bool)"
          with
          [
              T=std::string,
              Clave=std::string
          ]
C:\Users\agoni\Documents\Git\EjerciciosED\Ejercicio35\Ejercicio35\hashmap_eda.h(333): message : Vea la referencia a la creación de una instancia de la función plantilla "unordered_map<std::string,std::pair<int,list<std::string>::Iterador<T>>,std::hash<Clave>,std::equal_to<Clave>>::Iterador<false>::Iterador(unordered_map<Clave,std::pair<int,list<T>::Iterador<T>>,std::hash<Clave>,std::equal_to<Clave>> *,bool)" que se está compilando
          with
          [
              T=std::string,
              Clave=std::string
          ]
C:\Users\agoni\Documents\Git\EjerciciosED\Ejercicio35\Ejercicio35\Header.h(23): message : Vea la referencia a la creación de una instancia de clase plantilla "unordered_map<std::string,std::pair<int,list<std::string>::Iterador<T>>,std::hash<Clave>,std::equal_to<Clave>>::Iterador<false>" que se está compilando
          with
          [
              T=std::string,
              Clave=std::string
          ]
C:\Users\agoni\Documents\Git\EjerciciosED\Ejercicio35\Ejercicio35\hashmap_eda.h(276,24): warning C4018: '<': no coinciden signed/unsigned
C:\Users\agoni\Documents\Git\EjerciciosED\Ejercicio35\Ejercicio35\hashmap_eda.h(219,2): warning C4018: '<': no coinciden signed/unsigned
C:\Users\agoni\Documents\Git\EjerciciosED\Ejercicio35\Ejercicio35\hashmap_eda.h(217): message : al compilar la función del miembro clase plantilla "void unordered_map<std::string,std::pair<int,list<std::string>::Iterador<T>>,std::hash<Clave>,std::equal_to<Clave>>::amplia(void)"
          with
          [
              T=std::string,
              Clave=std::string
          ]
C:\Users\agoni\Documents\Git\EjerciciosED\Ejercicio35\Ejercicio35\hashmap_eda.h(135): message : Vea la referencia a la creación de una instancia de la función plantilla "void unordered_map<std::string,std::pair<int,list<std::string>::Iterador<T>>,std::hash<Clave>,std::equal_to<Clave>>::amplia(void)" que se está compilando
          with
          [
              T=std::string,
              Clave=std::string
          ]
C:\Users\agoni\Documents\Git\EjerciciosED\Ejercicio35\Ejercicio35\Header.h(14): message : Vea la referencia a la creación de una instancia de clase plantilla "unordered_map<std::string,std::pair<int,list<std::string>::Iterador<T>>,std::hash<Clave>,std::equal_to<Clave>>" que se está compilando
          with
          [
              T=std::string,
              Clave=std::string
          ]
C:\Users\agoni\Documents\Git\EjerciciosED\Ejercicio35\Ejercicio35\hashmap_eda.h(177,2): warning C4018: '<': no coinciden signed/unsigned
C:\Users\agoni\Documents\Git\EjerciciosED\Ejercicio35\Ejercicio35\hashmap_eda.h(176): message : al compilar la función del miembro clase plantilla "void unordered_map<std::string,std::pair<int,list<std::string>::Iterador<T>>,std::hash<Clave>,std::equal_to<Clave>>::libera(void)"
          with
          [
              T=std::string,
              Clave=std::string
          ]
C:\Users\agoni\Documents\Git\EjerciciosED\Ejercicio35\Ejercicio35\hashmap_eda.h(86): message : Vea la referencia a la creación de una instancia de la función plantilla "void unordered_map<std::string,std::pair<int,list<std::string>::Iterador<T>>,std::hash<Clave>,std::equal_to<Clave>>::libera(void)" que se está compilando
          with
          [
              T=std::string,
              Clave=std::string
          ]
  Ejercicio35.vcxproj -> C:\Users\agoni\Documents\Git\EjerciciosED\Ejercicio35\Debug\Ejercicio35.exe
