  Source.cpp
C:\Users\agoni\Documents\Git\EjerciciosED\Ejercicio92\Ejercicio92\hashmap_eda.h(296,41): warning C4018: '<': no coinciden signed/unsigned
C:\Users\agoni\Documents\Git\EjerciciosED\Ejercicio92\Ejercicio92\hashmap_eda.h(292): message : al compilar la función del miembro clase plantilla "void unordered_map<int,int,std::hash<int>,std::equal_to<Clave>>::Iterador<true>::next(void)"
          with
          [
              Clave=int
          ]
C:\Users\agoni\Documents\Git\EjerciciosED\Ejercicio92\Ejercicio92\hashmap_eda.h(250): message : Vea la referencia a la creación de una instancia de la función plantilla "void unordered_map<int,int,std::hash<int>,std::equal_to<Clave>>::Iterador<true>::next(void)" que se está compilando
          with
          [
              Clave=int
          ]
C:\Users\agoni\Documents\Git\EjerciciosED\Ejercicio92\Ejercicio92\Source.cpp(31): message : Vea la referencia a la creación de una instancia de clase plantilla "unordered_map<int,int,std::hash<int>,std::equal_to<Clave>>::Iterador<true>" que se está compilando
          with
          [
              Clave=int
          ]
C:\Users\agoni\Documents\Git\EjerciciosED\Ejercicio92\Ejercicio92\hashmap_eda.h(272,24): warning C4018: '<': no coinciden signed/unsigned
C:\Users\agoni\Documents\Git\EjerciciosED\Ejercicio92\Ejercicio92\hashmap_eda.h(269): message : al compilar la función del miembro clase plantilla "unordered_map<int,int,std::hash<int>,std::equal_to<Clave>>::Iterador<true>::Iterador(const unordered_map<Clave,int,std::hash<int>,std::equal_to<Clave>> *,bool)"
          with
          [
              Clave=int
          ]
C:\Users\agoni\Documents\Git\EjerciciosED\Ejercicio92\Ejercicio92\hashmap_eda.h(314): message : Vea la referencia a la creación de una instancia de la función plantilla "unordered_map<int,int,std::hash<int>,std::equal_to<Clave>>::Iterador<true>::Iterador(const unordered_map<Clave,int,std::hash<int>,std::equal_to<Clave>> *,bool)" que se está compilando
          with
          [
              Clave=int
          ]
C:\Users\agoni\Documents\Git\EjerciciosED\Ejercicio92\Ejercicio92\hashmap_eda.h(275,24): warning C4018: '<': no coinciden signed/unsigned
C:\Users\agoni\Documents\Git\EjerciciosED\Ejercicio92\Ejercicio92\hashmap_eda.h(218,2): warning C4018: '<': no coinciden signed/unsigned
C:\Users\agoni\Documents\Git\EjerciciosED\Ejercicio92\Ejercicio92\hashmap_eda.h(216): message : al compilar la función del miembro clase plantilla "void unordered_map<int,int,std::hash<int>,std::equal_to<Clave>>::amplia(void)"
          with
          [
              Clave=int
          ]
C:\Users\agoni\Documents\Git\EjerciciosED\Ejercicio92\Ejercicio92\hashmap_eda.h(95): message : Vea la referencia a la creación de una instancia de la función plantilla "void unordered_map<int,int,std::hash<int>,std::equal_to<Clave>>::amplia(void)" que se está compilando
          with
          [
              Clave=int
          ]
C:\Users\agoni\Documents\Git\EjerciciosED\Ejercicio92\Ejercicio92\Source.cpp(20): message : Vea la referencia a la creación de una instancia de clase plantilla "unordered_map<int,int,std::hash<int>,std::equal_to<Clave>>" que se está compilando
          with
          [
              Clave=int
          ]
C:\Users\agoni\Documents\Git\EjerciciosED\Ejercicio92\Ejercicio92\hashmap_eda.h(176,2): warning C4018: '<': no coinciden signed/unsigned
C:\Users\agoni\Documents\Git\EjerciciosED\Ejercicio92\Ejercicio92\hashmap_eda.h(175): message : al compilar la función del miembro clase plantilla "void unordered_map<int,int,std::hash<int>,std::equal_to<Clave>>::libera(void)"
          with
          [
              Clave=int
          ]
C:\Users\agoni\Documents\Git\EjerciciosED\Ejercicio92\Ejercicio92\hashmap_eda.h(85): message : Vea la referencia a la creación de una instancia de la función plantilla "void unordered_map<int,int,std::hash<int>,std::equal_to<Clave>>::libera(void)" que se está compilando
          with
          [
              Clave=int
          ]
  Ejercicio92.vcxproj -> C:\Users\agoni\Documents\Git\EjerciciosED\Ejercicio92\Debug\Ejercicio92.exe
